[    0.000000] Initializing cgroup subsys cpuset
[    0.000000] Initializing cgroup subsys cpu
[    0.000000] Initializing cgroup subsys cpuacct
[    0.000000] Linux version 4.4.0-210-generic (buildd@lgw01-amd64-009) (gcc version 5.4.0 20160609 (Ubuntu 5.4.0-6ubuntu1~16.04.12) ) #242-Ubuntu SMP Fri Apr 16 09:57:56 UTC 2021 (Ubuntu 4.4.0-210.242-generic 4.4.262)
[    0.000000] Command line: BOOT_IMAGE=/boot/vmlinuz-4.4.0-210-generic root=LABEL=cloudimg-rootfs ro console=tty1 console=ttyS0
[    0.000000] KERNEL supported cpus:
[    0.000000]   Intel GenuineIntel
[    0.000000]   AMD AuthenticAMD
[    0.000000]   Centaur CentaurHauls
[    0.000000] x86/fpu: xstate_offset[2]:  576, xstate_sizes[2]:  256
[    0.000000] x86/fpu: Supporting XSAVE feature 0x01: 'x87 floating point registers'
[    0.000000] x86/fpu: Supporting XSAVE feature 0x02: 'SSE registers'
[    0.000000] x86/fpu: Supporting XSAVE feature 0x04: 'AVX registers'
[    0.000000] x86/fpu: Enabled xstate features 0x7, context size is 832 bytes, using 'standard' format.
[    0.000000] e820: BIOS-provided physical RAM map:
[    0.000000] BIOS-e820: [mem 0x0000000000000000-0x000000000009fbff] usable
[    0.000000] BIOS-e820: [mem 0x000000000009fc00-0x000000000009ffff] reserved
[    0.000000] BIOS-e820: [mem 0x00000000000f0000-0x00000000000fffff] reserved
[    0.000000] BIOS-e820: [mem 0x0000000000100000-0x000000001ffeffff] usable
[    0.000000] BIOS-e820: [mem 0x000000001fff0000-0x000000001fffffff] ACPI data
[    0.000000] BIOS-e820: [mem 0x00000000fec00000-0x00000000fec00fff] reserved
[    0.000000] BIOS-e820: [mem 0x00000000fee00000-0x00000000fee00fff] reserved
[    0.000000] BIOS-e820: [mem 0x00000000fffc0000-0x00000000ffffffff] reserved
[    0.000000] NX (Execute Disable) protection: active
[    0.000000] SMBIOS 2.5 present.
[    0.000000] Hypervisor detected: KVM
[    0.000000] e820: last_pfn = 0x1fff0 max_arch_pfn = 0x400000000
[    0.000000] MTRR: Disabled
[    0.000000] x86/PAT: MTRRs disabled, skipping PAT initialization too.
[    0.000000] CPU MTRRs all blank - virtualized system.
[    0.000000] x86/PAT: Configuration [0-7]: WB  WT  UC- UC  WB  WT  UC- UC  
[    0.000000] found SMP MP-table at [mem 0x0009fff0-0x0009ffff] mapped at [ffff88000009fff0]
[    0.000000] Scanning 1 areas for low memory corruption
[    0.000000] RAMDISK: [mem 0x1e8c2000-0x1f74bfff]
[    0.000000] ACPI: Early table checksum verification disabled
[    0.000000] ACPI: RSDP 0x00000000000E0000 000024 (v02 VBOX  )
[    0.000000] ACPI: XSDT 0x000000001FFF0030 00003C (v01 VBOX   VBOXXSDT 00000001 ASL  00000061)
[    0.000000] ACPI: FACP 0x000000001FFF00F0 0000F4 (v04 VBOX   VBOXFACP 00000001 ASL  00000061)
[    0.000000] ACPI: DSDT 0x000000001FFF0470 002325 (v02 VBOX   VBOXBIOS 00000002 INTL 20100528)
[    0.000000] ACPI: FACS 0x000000001FFF0200 000040
[    0.000000] ACPI: FACS 0x000000001FFF0200 000040
[    0.000000] ACPI: APIC 0x000000001FFF0240 00005C (v02 VBOX   VBOXAPIC 00000001 ASL  00000061)
[    0.000000] ACPI: SSDT 0x000000001FFF02A0 0001CC (v01 VBOX   VBOXCPUT 00000002 INTL 20100528)
[    0.000000] No NUMA configuration found
[    0.000000] Faking a node at [mem 0x0000000000000000-0x000000001ffeffff]
[    0.000000] NODE_DATA(0) allocated [mem 0x1ffeb000-0x1ffeffff]
[    0.000000] kvm-clock: Using msrs 4b564d01 and 4b564d00
[    0.000000] kvm-clock: cpu 0, msr 0:1ffe3001, primary cpu clock
[    0.000000] kvm-clock: using sched offset of 3272957130 cycles
[    0.000000] clocksource: kvm-clock: mask: 0xffffffffffffffff max_cycles: 0x1cd42e4dffb, max_idle_ns: 881590591483 ns
[    0.000000] Zone ranges:
[    0.000000]   DMA      [mem 0x0000000000001000-0x0000000000ffffff]
[    0.000000]   DMA32    [mem 0x0000000001000000-0x000000001ffeffff]
[    0.000000]   Normal   empty
[    0.000000]   Device   empty
[    0.000000] Movable zone start for each node
[    0.000000] Early memory node ranges
[    0.000000]   node   0: [mem 0x0000000000001000-0x000000000009efff]
[    0.000000]   node   0: [mem 0x0000000000100000-0x000000001ffeffff]
[    0.000000] Initmem setup node 0 [mem 0x0000000000001000-0x000000001ffeffff]
[    0.000000] ACPI: PM-Timer IO Port: 0x4008
[    0.000000] IOAPIC[0]: apic_id 2, version 32, address 0xfec00000, GSI 0-23
[    0.000000] ACPI: INT_SRC_OVR (bus 0 bus_irq 0 global_irq 2 dfl dfl)
[    0.000000] ACPI: INT_SRC_OVR (bus 0 bus_irq 9 global_irq 9 low level)
[    0.000000] Using ACPI (MADT) for SMP configuration information
[    0.000000] smpboot: Allowing 2 CPUs, 0 hotplug CPUs
[    0.000000] PM: Registered nosave memory: [mem 0x00000000-0x00000fff]
[    0.000000] PM: Registered nosave memory: [mem 0x0009f000-0x0009ffff]
[    0.000000] PM: Registered nosave memory: [mem 0x000a0000-0x000effff]
[    0.000000] PM: Registered nosave memory: [mem 0x000f0000-0x000fffff]
[    0.000000] e820: [mem 0x20000000-0xfebfffff] available for PCI devices
[    0.000000] Booting paravirtualized kernel on KVM
[    0.000000] clocksource: refined-jiffies: mask: 0xffffffff max_cycles: 0xffffffff, max_idle_ns: 7645519600211568 ns
[    0.000000] setup_percpu: NR_CPUS:512 nr_cpumask_bits:512 nr_cpu_ids:2 nr_node_ids:1
[    0.000000] PERCPU: Embedded 33 pages/cpu @ffff88001fc00000 s95192 r8192 d31784 u1048576
[    0.000000] Built 1 zonelists in Node order, mobility grouping on.  Total pages: 128888
[    0.000000] Policy zone: DMA32
[    0.000000] Kernel command line: BOOT_IMAGE=/boot/vmlinuz-4.4.0-210-generic root=LABEL=cloudimg-rootfs ro console=tty1 console=ttyS0
[    0.000000] PID hash table entries: 2048 (order: 2, 16384 bytes)
[    0.000000] Memory: 481712K/523832K available (8644K kernel code, 1332K rwdata, 4044K rodata, 1492K init, 1164K bss, 42120K reserved, 0K cma-reserved)
[    0.000000] SLUB: HWalign=64, Order=0-3, MinObjects=0, CPUs=2, Nodes=1
[    0.000000] Kernel/User page tables isolation: enabled
[    0.000000] Hierarchical RCU implementation.
[    0.000000] 	Build-time adjustment of leaf fanout to 64.
[    0.000000] 	RCU restricting CPUs from NR_CPUS=512 to nr_cpu_ids=2.
[    0.000000] RCU: Adjusting geometry for rcu_fanout_leaf=64, nr_cpu_ids=2
[    0.000000] NR_IRQS:33024 nr_irqs:440 16
[    0.000000] Console: colour VGA+ 80x25
[    0.000000] console [tty1] enabled
[    0.000000] console [ttyS0] enabled
[    0.000000] tsc: Detected 2112.002 MHz processor
[    0.151216] Calibrating delay loop (skipped) preset value.. 4224.00 BogoMIPS (lpj=8448008)
[    0.153170] pid_max: default: 32768 minimum: 301
[    0.154211] ACPI: Core revision 20150930
[    0.157182] ACPI: 2 ACPI AML tables successfully acquired and loaded
[    0.158788] Security Framework initialized
[    0.159775] Yama: becoming mindful.
[    0.160676] AppArmor: AppArmor initialized
[    0.161725] Dentry cache hash table entries: 65536 (order: 7, 524288 bytes)
[    0.163279] Inode-cache hash table entries: 32768 (order: 6, 262144 bytes)
[    0.164703] Mount-cache hash table entries: 1024 (order: 1, 8192 bytes)
[    0.166040] Mountpoint-cache hash table entries: 1024 (order: 1, 8192 bytes)
[    0.167967] Initializing cgroup subsys io
[    0.168909] Initializing cgroup subsys memory
[    0.169903] Initializing cgroup subsys devices
[    0.170966] Initializing cgroup subsys freezer
[    0.171966] Initializing cgroup subsys net_cls
[    0.173002] Initializing cgroup subsys perf_event
[    0.174067] Initializing cgroup subsys net_prio
[    0.175257] Initializing cgroup subsys hugetlb
[    0.176276] Initializing cgroup subsys pids
[    0.187308] mce: CPU supports 0 MCE banks
[    0.188307] Last level iTLB entries: 4KB 64, 2MB 8, 4MB 8
[    0.189521] Last level dTLB entries: 4KB 64, 2MB 0, 4MB 0, 1GB 4
[    0.190809] Spectre V1 : Mitigation: usercopy/swapgs barriers and __user pointer sanitization
[    0.193051] Spectre V2 : Mitigation: Full generic retpoline
[    0.194243] Spectre V2 : Spectre v2 / SpectreRSB mitigation: Filling RSB on context switch
[    0.196188] Speculative Store Bypass: Vulnerable
[    0.197297] SRBDS: Unknown: Dependent on hypervisor status
[    0.198628] MDS: Mitigation: Clear CPU buffers
[    0.202854] Freeing SMP alternatives memory: 36K
[    0.210241] ftrace: allocating 32380 entries in 127 pages
[    0.285885] smpboot: APIC(0) Converting physical 0 to logical package 0
[    0.287516] smpboot: Max logical packages: 1
[    0.288858] x2apic enabled
[    0.289940] Switched APIC routing to physical x2apic.
[    0.292368] ..TIMER: vector=0x30 apic1=0 pin1=2 apic2=-1 pin2=-1
[    0.401882] smpboot: CPU0: Intel(R) Core(TM) i7-8650U CPU @ 1.90GHz (family: 0x6, model: 0x8e, stepping: 0xa)
[    0.404399] Performance Events: unsupported p6 CPU model 142 no PMU driver, software events only.
[    0.414290] KVM setup paravirtual spinlock
[    0.415879] x86: Booting SMP configuration:
[    0.416883] .... node  #0, CPUs:      #1
[    0.418014] kvm-clock: cpu 1, msr 0:1ffe3041, secondary cpu clock
[    0.429431] mce: CPU supports 0 MCE banks
[    0.432150] x86: Booted up 1 node, 2 CPUs
[    0.433530] smpboot: Total of 2 processors activated (8448.00 BogoMIPS)
[    0.435714] devtmpfs: initialized
[    0.437870] evm: security.selinux
[    0.438777] evm: security.SMACK64
[    0.439660] evm: security.SMACK64EXEC
[    0.440592] evm: security.SMACK64TRANSMUTE
[    0.441644] evm: security.SMACK64MMAP
[    0.442628] evm: security.ima
[    0.443455] evm: security.capability
[    0.444562] clocksource: jiffies: mask: 0xffffffff max_cycles: 0xffffffff, max_idle_ns: 7645041785100000 ns
[    0.446901] futex hash table entries: 512 (order: 3, 32768 bytes)
[    0.448446] pinctrl core: initialized pinctrl subsystem
[    0.449865] RTC time: 13:18:02, date: 03/18/22
[    0.451237] NET: Registered protocol family 16
[    0.463924] cpuidle: using governor ladder
[    0.475141] cpuidle: using governor menu
[    0.476229] PCCT header not found.
[    0.477216] ACPI: bus type PCI registered
[    0.478187] acpiphp: ACPI Hot Plug PCI Controller Driver version: 0.5
[    0.479672] PCI: Using configuration type 1 for base access
[    0.495213] ACPI: Added _OSI(Module Device)
[    0.496298] ACPI: Added _OSI(Processor Device)
[    0.497427] ACPI: Added _OSI(3.0 _SCP Extensions)
[    0.498642] ACPI: Added _OSI(Processor Aggregator Device)
[    0.500566] ACPI: Executed 1 blocks of module-level executable AML code
[    0.504151] ACPI: Interpreter enabled
[    0.505096] ACPI: (supports S0 S5)
[    0.506010] ACPI: Using IOAPIC for interrupt routing
[    0.507514] PCI: Using host bridge windows from ACPI; if necessary, use "pci=nocrs" and report a bug
[    0.512920] ACPI: PCI Root Bridge [PCI0] (domain 0000 [bus 00-ff])
[    0.514324] acpi PNP0A03:00: _OSC: OS supports [ASPM ClockPM Segments MSI]
[    0.516051] acpi PNP0A03:00: _OSC: not requesting OS control; OS requires [ExtendedConfig ASPM ClockPM MSI]
[    0.518327] acpi PNP0A03:00: fail to add MMCONFIG information, can't access extended PCI configuration space under this bridge.
[    0.521470] PCI host bridge to bus 0000:00
[    0.522886] pci_bus 0000:00: root bus resource [io  0x0000-0x0cf7 window]
[    0.524314] pci_bus 0000:00: root bus resource [io  0x0d00-0xffff window]
[    0.525753] pci_bus 0000:00: root bus resource [mem 0x000a0000-0x000bffff window]
[    0.527631] pci_bus 0000:00: root bus resource [mem 0x20000000-0xfdffffff window]
[    0.529685] pci_bus 0000:00: root bus resource [bus 00-ff]
[    0.532741] pci 0000:00:01.1: legacy IDE quirk: reg 0x10: [io  0x01f0-0x01f7]
[    0.534293] pci 0000:00:01.1: legacy IDE quirk: reg 0x14: [io  0x03f6]
[    0.535669] pci 0000:00:01.1: legacy IDE quirk: reg 0x18: [io  0x0170-0x0177]
[    0.548147] pci 0000:00:01.1: legacy IDE quirk: reg 0x1c: [io  0x0376]
[    0.558075] pci 0000:00:07.0: quirk: [io  0x4000-0x403f] claimed by PIIX4 ACPI
[    0.559905] pci 0000:00:07.0: quirk: [io  0x4100-0x410f] claimed by PIIX4 SMB
[    0.567066] ACPI: PCI Interrupt Link [LNKA] (IRQs 5 9 10 *11)
[    0.569005] ACPI: PCI Interrupt Link [LNKB] (IRQs 5 9 *10 11)
[    0.570890] ACPI: PCI Interrupt Link [LNKC] (IRQs 5 *9 10 11)
[    0.572771] ACPI: PCI Interrupt Link [LNKD] (IRQs 5 9 10 *11)
[    0.574709] ACPI: Enabled 2 GPEs in block 00 to 07
[    0.576165] vgaarb: setting as boot device: PCI:0000:00:02.0
[    0.577584] vgaarb: device added: PCI:0000:00:02.0,decodes=io+mem,owns=io+mem,locks=none
[    0.579566] vgaarb: loaded
[    0.580306] vgaarb: bridge control possible 0000:00:02.0
[    0.581682] SCSI subsystem initialized
[    0.583132] ACPI: bus type USB registered
[    0.584296] usbcore: registered new interface driver usbfs
[    0.585536] usbcore: registered new interface driver hub
[    0.586822] usbcore: registered new device driver usb
[    0.588226] PCI: Using ACPI for IRQ routing
[    0.589623] NetLabel: Initializing
[    0.590904] NetLabel:  domain hash size = 128
[    0.592062] NetLabel:  protocols = UNLABELED CIPSOv4
[    0.593506] NetLabel:  unlabeled traffic allowed by default
[    0.595729] amd_nb: Cannot enumerate AMD northbridges
[    0.597742] clocksource: Switched to clocksource kvm-clock
[    0.603626] AppArmor: AppArmor Filesystem Enabled
[    0.604802] pnp: PnP ACPI init
[    0.606353] pnp: PnP ACPI: found 3 devices
[    0.615228] clocksource: acpi_pm: mask: 0xffffff max_cycles: 0xffffff, max_idle_ns: 2085701024 ns
[    0.617236] NET: Registered protocol family 2
[    0.618369] TCP established hash table entries: 4096 (order: 3, 32768 bytes)
[    0.620180] TCP bind hash table entries: 4096 (order: 4, 65536 bytes)
[    0.621584] TCP: Hash tables configured (established 4096 bind 4096)
[    0.622974] UDP hash table entries: 256 (order: 1, 8192 bytes)
[    0.624225] UDP-Lite hash table entries: 256 (order: 1, 8192 bytes)
[    0.626087] NET: Registered protocol family 1
[    0.627492] pci 0000:00:00.0: Limiting direct PCI/PCI transfers
[    0.628767] pci 0000:00:01.0: Activating ISA DMA hang workarounds
[    0.630407] Unpacking initramfs...
[    0.877088] Freeing initrd memory: 14888K
[    0.882028] clocksource: tsc: mask: 0xffffffffffffffff max_cycles: 0x1e717a67afe, max_idle_ns: 440795258295 ns
[    0.888052] platform rtc_cmos: registered platform RTC device (no PNP device found)
[    0.892097] Scanning for low memory corruption every 60 seconds
[    0.894866] audit: initializing netlink subsys (disabled)
[    0.897508] audit: type=2000 audit(1647609488.214:1): initialized
[    0.900858] Initialise system trusted keyring
[    0.903433] HugeTLB registered 2 MB page size, pre-allocated 0 pages
[    0.907259] zbud: loaded
[    0.908897] VFS: Disk quotas dquot_6.6.0
[    0.910287] VFS: Dquot-cache hash table entries: 512 (order 0, 4096 bytes)
[    0.916762] squashfs: version 4.0 (2009/01/31) Phillip Lougher
[    0.926183] fuse init (API version 7.23)
[    0.929746] Key type big_key registered
[    0.932286] Allocating IMA MOK and blacklist keyrings.
[    0.938092] Key type asymmetric registered
[    0.940145] Asymmetric key parser 'x509' registered
[    0.942483] Block layer SCSI generic (bsg) driver version 0.4 loaded (major 249)
[    0.945894] io scheduler noop registered
[    0.947756] io scheduler deadline registered (default)
[    0.949708] io scheduler cfq registered
[    0.951471] pci_hotplug: PCI Hot Plug PCI Core version: 0.5
[    0.953298] pciehp: PCI Express Hot Plug Controller Driver version: 0.4
[    0.955647] ACPI: AC Adapter [AC] (off-line)
[    0.957166] input: Power Button as /devices/LNXSYSTM:00/LNXPWRBN:00/input/input0
[    0.959649] ACPI: Power Button [PWRF]
[    0.961134] input: Sleep Button as /devices/LNXSYSTM:00/LNXSLPBN:00/input/input1
[    0.963419] ACPI: Sleep Button [SLPF]
[    0.965506] ACPI: Battery Slot [BAT0] (battery present)
[    0.967057] GHES: HEST is not enabled!
[    0.968364] Serial: 8250/16550 driver, 32 ports, IRQ sharing enabled
[    0.990838] 00:02: ttyS0 at I/O 0x3f8 (irq = 4, base_baud = 115200) is a 16550A
[    0.997857] Linux agpgart interface v0.103
[    1.000860] loop: module loaded
[    1.002556] scsi host0: ata_piix
[    1.003845] scsi host1: ata_piix
[    1.005076] ata1: PATA max UDMA/33 cmd 0x1f0 ctl 0x3f6 bmdma 0xd000 irq 14
[    1.007159] ata2: PATA max UDMA/33 cmd 0x170 ctl 0x376 bmdma 0xd008 irq 15
[    1.010479] libphy: Fixed MDIO Bus: probed
[    1.012010] tun: Universal TUN/TAP device driver, 1.6
[    1.013816] tun: (C) 1999-2004 Max Krasnyansky <maxk@qualcomm.com>
[    1.016296] PPP generic driver version 2.4.2
[    1.017659] ehci_hcd: USB 2.0 'Enhanced' Host Controller (EHCI) Driver
[    1.019413] ehci-pci: EHCI PCI platform driver
[    1.020594] ehci-platform: EHCI generic platform driver
[    1.022733] ohci_hcd: USB 1.1 'Open' Host Controller (OHCI) Driver
[    1.024547] ohci-pci: OHCI PCI platform driver
[    1.026078] ohci-platform: OHCI generic platform driver
[    1.027839] uhci_hcd: USB Universal Host Controller Interface driver
[    1.030089] i8042: PNP: PS/2 Controller [PNP0303:PS2K,PNP0f03:PS2M] at 0x60,0x64 irq 1,12
[    1.032920] serio: i8042 KBD port at 0x60,0x64 irq 1
[    1.034491] serio: i8042 AUX port at 0x60,0x64 irq 12
[    1.036035] mousedev: PS/2 mouse device common for all mice
[    1.038096] input: AT Translated Set 2 keyboard as /devices/platform/i8042/serio0/input/input2
[    1.040794] rtc_cmos rtc_cmos: rtc core: registered rtc_cmos as rtc0
[    1.042293] rtc_cmos rtc_cmos: alarms up to one day, 114 bytes nvram
[    1.044053] i2c /dev entries driver
[    1.045105] device-mapper: uevent: version 1.0.3
[    1.046702] device-mapper: ioctl: 4.34.0-ioctl (2015-10-28) initialised: dm-devel@redhat.com
[    1.049176] ledtrig-cpu: registered to indicate activity on CPUs
[    1.052126] NET: Registered protocol family 10
[    1.054065] NET: Registered protocol family 17
[    1.056334] Key type dns_resolver registered
[    1.058737] registered taskstats version 1
[    1.060127] Loading compiled-in X.509 certificates
[    1.062296] Loaded X.509 cert 'Build time autogenerated kernel key: cf00e047681d67edb2720680708b7d9498083038'
[    1.066201] zswap: loaded using pool lzo/zbud
[    1.069095] Key type trusted registered
[    1.073339] Key type encrypted registered
[    1.074504] AppArmor: AppArmor sha1 policy hashing enabled
[    1.076291] ima: No TPM chip found, activating TPM-bypass!
[    1.077946] ima: Allocated hash algorithm: sha1
[    1.079406] evm: HMAC attrs: 0x1
[    1.080916]   Magic number: 14:981:331
[    1.082094] tty tty52: hash matches
[    1.083147] rtc_cmos rtc_cmos: setting system clock to 2022-03-18 13:18:03 UTC (1647609483)
[    1.085386] BIOS EDD facility v0.16 2004-Jun-25, 0 devices found
[    1.087351] EDD information not available.
[    1.218848] Freeing unused kernel memory: 1492K
[    1.220047] Write protecting the kernel read-only data: 14336k
[    1.221963] Freeing unused kernel memory: 1584K
[    1.223326] Freeing unused kernel memory: 52K
Loading, please wait...
starting version 229
[    1.235279] random: systemd-udevd: uninitialized urandom read (16 bytes read, 3 bits of entropy available)
[    1.235515] random: udevadm: uninitialized urandom read (16 bytes read, 3 bits of entropy available)
[    1.235536] random: udevadm: uninitialized urandom read (16 bytes read, 3 bits of entropy available)
[    1.242176] random: systemd-udevd: uninitialized urandom read (16 bytes read, 3 bits of entropy available)
[    1.243201] random: udevadm: uninitialized urandom read (16 bytes read, 3 bits of entropy available)
[    1.243243] random: udevadm: uninitialized urandom read (16 bytes read, 3 bits of entropy available)
[    1.243372] random: udevadm: uninitialized urandom read (16 bytes read, 3 bits of entropy available)
[    1.243422] random: udevadm: uninitialized urandom read (16 bytes read, 3 bits of entropy available)
[    1.243473] random: udevadm: uninitialized urandom read (16 bytes read, 3 bits of entropy available)
[    1.243524] random: udevadm: uninitialized urandom read (16 bytes read, 3 bits of entropy available)
[    1.294620] e1000: Intel(R) PRO/1000 Network Driver - version 7.3.21-k8-NAPI
[    1.296222] e1000: Copyright (c) 1999-2006 Intel Corporation.
[    1.297736] Fusion MPT base driver 3.04.20
[    1.298894] Copyright (c) 1999-2008 LSI Corporation
[    1.303275] Fusion MPT SPI Host driver 3.04.20
[    1.324590] AVX2 version of gcm_enc/dec engaged.
[    1.333752] AES CTR mode by8 optimization enabled
[    1.529982] input: ImExPS/2 Generic Explorer Mouse as /devices/platform/i8042/serio1/input/input4
[    1.742051] e1000 0000:00:03.0 eth0: (PCI:33MHz:32-bit) 02:be:82:6b:cc:1d
[    1.744254] e1000 0000:00:03.0 eth0: Intel(R) PRO/1000 Network Connection
[    1.746809] mptbase: ioc0: Initiating bringup
[    2.814880] ioc0: LSI53C1030 A0: Capabilities={Initiator}
[    4.585639] scsi host2: ioc0: LSI53C1030 A0, FwRev=00000000h, Ports=1, MaxQ=256, IRQ=20
[    5.728357] scsi 2:0:0:0: Direct-Access     VBOX     HARDDISK         1.0  PQ: 0 ANSI: 5
[    5.730447] scsi target2:0:0: Beginning Domain Validation
[    5.734062] scsi target2:0:0: Domain Validation skipping write tests
[    5.735976] scsi target2:0:0: Ending Domain Validation
[    5.738464] scsi target2:0:0: asynchronous
[    5.740441] scsi 2:0:1:0: Direct-Access     VBOX     HARDDISK         1.0  PQ: 0 ANSI: 5
[    5.743261] scsi target2:0:1: Beginning Domain Validation
[    5.747065] scsi target2:0:1: Domain Validation skipping write tests
[    5.748892] scsi target2:0:1: Ending Domain Validation
[    5.764882] scsi target2:0:1: asynchronous
[    5.772231] sd 2:0:0:0: [sda] 83886080 512-byte logical blocks: (42.9 GB/40.0 GiB)
[    5.772526] sd 2:0:0:0: Attached scsi generic sg0 type 0
[    5.774694] sd 2:0:1:0: Attached scsi generic sg1 type 0
[    5.775334] sd 2:0:1:0: [sdb] 20480 512-byte logical blocks: (10.5 MB/10.0 MiB)
[    5.775479] sd 2:0:1:0: [sdb] Write Protect is off
[    5.775623] sd 2:0:1:0: [sdb] Incomplete mode parameter data
[    5.775633] sd 2:0:1:0: [sdb] Assuming drive cache: write through
[    5.805337] sd 2:0:0:0: [sda] Write Protect is off
[    5.807773] sd 2:0:0:0: [sda] Incomplete mode parameter data
[    5.809893] sd 2:0:0:0: [sda] Assuming drive cache: write through
[    5.812683] sd 2:0:1:0: [sdb] Attached SCSI disk
[    5.816135]  sda: sda1
[    5.820678] sd 2:0:0:0: [sda] Attached SCSI disk
[    6.617694] e1000 0000:00:08.0 eth1: (PCI:33MHz:32-bit) 08:00:27:df:17:75
[    6.621046] e1000 0000:00:08.0 eth1: Intel(R) PRO/1000 Network Connection
[    6.625289] e1000 0000:00:03.0 enp0s3: renamed from eth0
[    6.643385] e1000 0000:00:08.0 enp0s8: renamed from eth1
Begin: Loading essential drivers ... [    8.087971] md: linear personality registered for level -1
[    8.103184] md: multipath personality registered for level -4
[    8.108159] md: raid0 personality registered for level 0
[    8.112817] md: raid1 personality registered for level 1
[    8.197176] raid6: sse2x1   gen() 14497 MB/s
[    8.277897] raid6: sse2x1   xor() 11333 MB/s
[    8.353681] raid6: sse2x2   gen()  6531 MB/s
[    8.422066] raid6: sse2x2   xor()  5864 MB/s
[    8.491673] raid6: sse2x4   gen() 19125 MB/s
[    8.567156] raid6: sse2x4   xor() 14239 MB/s
[    8.634337] raid6: avx2x1   gen() 22752 MB/s
[    8.702106] raid6: avx2x2   gen() 30140 MB/s
[    8.769987] raid6: avx2x4   gen() 32396 MB/s
[    8.771097] raid6: using algorithm avx2x4 gen() 32396 MB/s
[    8.772403] raid6: using avx2x2 recovery algorithm
[    8.774574] xor: automatically using best checksumming function:
[    8.862282]    avx       : 101033.000 MB/sec
[    8.865045] async_tx: api initialized (async)
[    8.874002] md: raid6 personality registered for level 6
[    8.875277] md: raid5 personality registered for level 5
[    8.876522] md: raid4 personality registered for level 4
[    8.883526] md: raid10 personality registered for level 10
done.
Begin: Running /scripts/init-premount ... done.
Begin: Mounting root file system ... Begin: Running /scripts/local-top ... done.
Begin: Running /scripts/local-premount ... [    8.909916] Btrfs loaded
Scanning for Btrfs filesystems
done.
Warning: fsck not present, so skipping root file system
[    8.940225] EXT4-fs (sda1): mounted filesystem with ordered data mode. Opts: (null)
done.
Begin: Running /scripts/local-bottom ... done.
Begin: Running /scripts/init-bottom ... done.
[    9.045189] systemd[1]: systemd 229 running in system mode. (+PAM +AUDIT +SELINUX +IMA +APPARMOR +SMACK +SYSVINIT +UTMP +LIBCRYPTSETUP +GCRYPT +GNUTLS +ACL +XZ -LZ4 +SECCOMP +BLKID +ELFUTILS +KMOD -IDN)
[    9.052812] systemd[1]: Detected virtualization oracle.
[    9.054523] systemd[1]: Detected architecture x86-64.

Welcome to [1mUbuntu 16.04.7 LTS[0m!

[    9.059404] systemd[1]: Set hostname to <ubuntu>.
[    9.062845] systemd[1]: Initializing machine ID from random generator.
[    9.065235] systemd[1]: Installed transient /etc/machine-id file.
[    9.226724] systemd[1]: Listening on LVM2 poll daemon socket.
[[0;32m  OK  [0m] Listening on LVM2 poll daemon socket.
[    9.238812] systemd[1]: Listening on fsck to fsckd communication Socket.
[[0;32m  OK  [0m] Listening on fsck to fsckd communication Socket.
[    9.241979] systemd[1]: Reached target System Time Synchronized.
[[0;32m  OK  [0m] Reached target System Time Synchronized.
[    9.250374] systemd[1]: Created slice System Slice.
[[0;32m  OK  [0m] Created slice System Slice.
[    9.258242] systemd[1]: Created slice system-serial\x2dgetty.slice.
[[0;32m  OK  [0m] Created slice system-serial\x2dgetty.slice.
[    9.260560] systemd[1]: Set up automount Arbitrary Executable File Formats File System Automount Point.
[[0;32m  OK  [0m] Set up automount Arbitrary Executab...ats File System Automount Point.
[    9.264250] systemd[1]: Reached target Encrypted Volumes.
[[0;32m  OK  [0m] Reached target Encrypted Volumes.
[    9.273967] systemd[1]: Listening on LVM2 metadata daemon socket.
[[0;32m  OK  [0m] Listening on LVM2 metadata daemon socket.
[    9.276450] systemd[1]: Started Forward Password Requests to Wall Directory Watch.
[[0;32m  OK  [0m] Started Forward Password Requests to Wall Directory Watch.
[    9.696194] systemd[1]: Listening on Journal Audit Socket.
[[0;32m  OK  [0m] Listening on Journal Audit Socket.
[    9.717130] systemd[1]: Created slice User and Session Slice.
[[0;32m  OK  [0m] Created slice User and Session Slice.
[    9.720481] systemd[1]: Reached target Slices.
[[0;32m  OK  [0m] Reached target Slices.
[    9.809885] systemd[1]: Listening on Journal Socket.
[[0;32m  OK  [0m] Listening on Journal Socket.
[    9.825958] systemd[1]: Starting Set console keymap...
         Starting Set console keymap...
[    9.829625] systemd[1]: Starting Uncomplicated firewall...
         Starting Uncomplicated firewall...
[    9.838724] systemd[1]: Starting File System Check on Root Device...
         Starting File System Check on Root Device...
[    9.843436] systemd[1]: Starting Load Kernel Modules...
         Starting Load Kernel Modules...
[    9.860607] systemd[1]: Mounting Huge Pages File System...
         Mounting Huge Pages File System...
[    9.870053] Loading iSCSI transport class v2.0-870.
[    9.870594] systemd[1]: Mounting POSIX Message Queue File System...
         Mounting POSIX Message Queue File System...
[    9.882995] systemd[1]: Starting Create list of required static device nodes for the current kernel...
         Starting Create list of required st... nodes for the current kernel...
[    9.887231] systemd[1]: Starting Nameserver information manager...
         Starting Nameserver information manager[    9.889178] iscsi: registered transport (tcp)
...
[    9.891070] systemd[1]: Mounting Debug File System...
         Mounting Debug File System...
[    9.898072] systemd[1]: Listening on Syslog Socket.
[[0;32m  OK  [0m] Listening on Syslog Socket.
[    9.909962] systemd[1]: Listening on Device-mapper event daemon FIFOs.
[[0;32m  OK  [0m] Listening on Device-mapper event daemon FIFOs.
[    9.912982] iscsi: registered transport (iser)
[    9.938708] systemd[1]: Starting Monitoring of LVM2 mirrors, snapshots etc. using dmeventd or progress polling...
         Starting Monitoring of LVM2 mirrors... dmeventd or progress polling...
[    9.950285] systemd[1]: Reached target Swap.
[[0;32m  OK  [0m] Reached target Swap.
[    9.953578] systemd[1]: Started Trigger resolvconf update for networkd DNS.
[[0;32m  OK  [0m] Started Trigger resolvconf update for networkd DNS.
[    9.956155] systemd[1]: Reached target User and Group Name Lookups.
[[0;32m  OK  [0m] Reached target User and Group Name Lookups.
[    9.958416] systemd[1]: Listening on Journal Socket (/dev/log).
[[0;32m  OK  [0m] Listening on Journal Socket (/dev/log).
[    9.981973] systemd[1]: Starting Journal Service...
         Starting Journal Service...
[    9.984023] systemd[1]: Listening on udev Kernel Socket.
[[0;32m  OK  [0m] Listening on udev Kernel Socket.
[    9.994042] systemd[1]: Listening on /dev/initctl Compatibility Named Pipe.
[[0;32m  OK  [0m] Listening on /dev/initctl Compatibility Named Pipe.
[    9.997310] systemd[1]: Listening on udev Control Socket.
[[0;32m  OK  [0m] Listening on udev Control Socket.
[   10.023858] systemd[1]: Mounted Huge Pages File System.
[[0;32m  OK  [0m] Mounted Huge Pages File System.
[   10.025903] systemd[1]: Mounted POSIX Message Queue File System.
[[0;32m  OK  [0m] Mounted POSIX Message Queue File System.
[   10.033934] systemd[1]: Mounted Debug File System.
[[0;32m  OK  [0m] Mounted Debug File System.
[   10.042730] systemd[1]: Started Journal Service.
[[0;32m  OK  [0m] Started Journal Service.
[[0;32m  OK  [0m] Started Set console keymap.
[[0;32m  OK  [0m] Started Uncomplicated firewall.
[[0;32m  OK  [0m] Started File System Check on Root Device.
[[0;32m  OK  [0m] Started Load Kernel Modules.
[[0;32m  OK  [0m] Started Create list of required sta...ce nodes for the current kernel.
[[0;32m  OK  [0m] Started LVM2 metadata daemon.
[[0;32m  OK  [0m] Started File System Check Daemon to report status.
         Starting Create Static Device Nodes in /dev...
         Starting Apply Kernel Variables...
         Mounting FUSE Control File System...
         Starting Remount Root and Kernel File Systems...
[   10.093062] EXT4-fs (sda1): re-mounted. Opts: (null)
[[0;32m  OK  [0m] Mounted FUSE Control File System.
[[0;32m  OK  [0m] Started Nameserver information manager.
[[0;32m  OK  [0m] Started Apply Kernel Variables.
[[0;32m  OK  [0m] Started Remount Root and Kernel File Systems.
         Starting Load/Save Random Seed...
         Starting Flush Journal to Persistent Storage...
         Starting udev Coldplug all Devices...
[[0;32m  OK  [0m] Started Create Static Device Nodes in /dev.
[[0;32m  OK  [0m] Started Load/Save Random Seed.
         Starting udev Kernel Device Manager...
[[0;32m  OK  [0m] Started Flush Journal to Persistent Storage.
[[0;32m  OK  [0m] Started udev Kernel Device Manager.
[[0;32m  OK  [0m] Started udev Coldplug all Devices.
[[0;32m  OK  [0m] Started Dispatch Password Requests to Console Directory Watch.
[[0;32m  OK  [0m] Found device /dev/ttyS0.
[[0;32m  OK  [0m] Listening on Load/Save RF Kill Switch Status /dev/rfkill Watch.
[[0;32m  OK  [0m] Started Monitoring of LVM2 mirrors,...ng dmeventd or progress polling.
[[0;32m  OK  [0m] Reached target Local File Systems (Pre).
[[0;32m  OK  [0m] Reached target Local File Systems.
         Starting LSB: AppArmor initialization...
         Starting Set console font and keymap...
         Starting Create Volatile Files and Directories...
         Starting Initial cloud-init job (pre-networking)...
         Starting Tell Plymouth To Write Out Runtime Data...
         Starting Commit a transient machine-id on disk...
[[0;32m  OK  [0m] Started Create Volatile Files and Directories.
[[0;32m  OK  [0m] Started Tell Plymouth To Write Out Runtime Data.
[[0;32m  OK  [0m] Started Commit a transient machine-id on disk.
         Starting Update UTMP about System Boot/Shutdown...
[[0;32m  OK  [0m] Started Update UTMP about System Boot/Shutdown.
[[0;32m  OK  [0m] Started Set console font and keymap.
[[0;32m  OK  [0m] Created slice system-getty.slice.
[   12.068120] cloud-init[641]: Cloud-init v. 21.1-19-gbad84ad4-0ubuntu1~16.04.2 running 'init-local' at Fri, 18 Mar 2022 13:18:14 +0000. Up 11.50 seconds.
[[0;32m  OK  [0m] Started Initial cloud-init job (pre-networking).
[[0;32m  OK  [0m] Reached target Network (Pre).
[[0;32m  OK  [0m] Started LSB: AppArmor initialization.
         Starting Load AppArmor profiles managed internally by snapd...
         Starting Raise network interfaces...
[[0;32m  OK  [0m] Started Load AppArmor profiles managed internally by snapd.
[[0;32m  OK  [0m] Started Raise network interfaces.
[[0;32m  OK  [0m] Reached target Network.
         Starting Initial cloud-init job (metadata service crawler)...
[   15.003705] cloud-init[954]: Cloud-init v. 21.1-19-gbad84ad4-0ubuntu1~16.04.2 running 'init' at Fri, 18 Mar 2022 13:18:16 +0000. Up 14.04 seconds.
[   15.006877] cloud-init[954]: ci-info: ++++++++++++++++++++++++++++++++++++++Net device info+++++++++++++++++++++++++++++++++++++++
[   15.009735] cloud-init[954]: ci-info: +--------+-------+----------------------------+---------------+--------+-------------------+
[   15.012118] cloud-init[954]: ci-info: | Device |   Up  |          Address           |      Mask     | Scope  |     Hw-Address    |
[   15.019884] cloud-init[954]: ci-info: +--------+-------+----------------------------+---------------+--------+-------------------+
[   15.045931] cloud-init[954]: ci-info: | enp0s3 |  True |         10.0.2.15          | 255.255.255.0 | global | 02:be:82:6b:cc:1d |
[   15.055120] cloud-init[954]: ci-info: | enp0s3 |  True | fe80::be:82ff:fe6b:cc1d/64 |       .       |  link  | 02:be:82:6b:cc:1d |
[   15.061719] cloud-init[954]: ci-info: | enp0s8 | False |             .              |       .       |   .    | 08:00:27:df:17:75 |
[   15.066725] cloud-init[954]: ci-info: |   lo   |  True |         127.0.0.1          |   255.0.0.0   |  host  |         .         |
[   15.070628] cloud-init[954]: ci-info: |   lo   |  True |          ::1/128           |       .       |  host  |         .         |
[   15.087838] cloud-init[954]: ci-info: +--------+-------+----------------------------+---------------+--------+-------------------+
[   15.096906] cloud-init[954]: ci-info: +++++++++++++++++++++++++++Route IPv4 info++++++++++++++++++++++++++++
[   15.100363] cloud-init[954]: ci-info: +-------+-------------+----------+---------------+-----------+-------+
[   15.103688] cloud-init[954]: ci-info: | Route | Destination | Gateway  |    Genmask    | Interface | Flags |
[   15.117994] cloud-init[954]: ci-info: +-------+-------------+----------+---------------+-----------+-------+
[   15.118215] cloud-init[954]: ci-info: |   0   |   0.0.0.0   | 10.0.2.2 |    0.0.0.0    |   enp0s3  |   UG  |
[   15.118543] cloud-init[954]: ci-info: |   1   |   10.0.2.0  | 0.0.0.0  | 255.255.255.0 |   enp0s3  |   U   |
[   15.118707] cloud-init[954]: ci-info: +-------+-------------+----------+---------------+-----------+-------+
[   15.119009] cloud-init[954]: ci-info: +++++++++++++++++++Route IPv6 info+++++++++++++++++++
[   15.119477] cloud-init[954]: ci-info: +-------+-------------+---------+-----------+-------+
[   15.119769] cloud-init[954]: ci-info: | Route | Destination | Gateway | Interface | Flags |
[   15.120128] cloud-init[954]: ci-info: +-------+-------------+---------+-----------+-------+
[   15.120376] cloud-init[954]: ci-info: |   0   |  fe80::/64  |    ::   |   enp0s3  |   U   |
[   15.120719] cloud-init[954]: ci-info: |   3   |   ff00::/8  |    ::   |   enp0s3  |   U   |
[   15.120991] cloud-init[954]: ci-info: +-------+-------------+---------+-----------+-------+
[   15.121289] cloud-init[954]: Generating public/private rsa key pair.
[   15.121592] cloud-init[954]: Your identification has been saved in /etc/ssh/ssh_host_rsa_key.
[   15.121947] cloud-init[954]: Your public key has been saved in /etc/ssh/ssh_host_rsa_key.pub.
[   15.122372] cloud-init[954]: The key fingerprint is:
[   15.122917] cloud-init[954]: SHA256:SMdScflbyGWJPtfBkjPOjCMxIMJY5I7QHVCMuz+xXa0 root@ubuntu-xenial
[   15.123301] cloud-init[954]: The key's randomart image is:
[   15.123818] cloud-init[954]: +---[RSA 2048]----+
[   15.124564] cloud-init[954]: |  *Oo. .+... .o. |
[   15.124976] cloud-init[954]: | oooo..o +. .=+o |
[   15.125469] cloud-init[954]: |. .o. o o o+=++..|
[   15.125856] cloud-init[954]: |. +  . + . o*+o .|
[   15.126122] cloud-init[954]: | . o  . S.. .=   |
[   15.126417] cloud-init[954]: |  . .   . . .    |
[   15.126548] cloud-init[954]: |   . + . .       |
[   15.126703] cloud-init[954]: |    + . E        |
[   15.127005] cloud-init[954]: |     .           |
[   15.127288] cloud-init[954]: +----[SHA256]-----+
[   15.127576] cloud-init[954]: Generating public/private dsa key pair.
[   15.127868] cloud-init[954]: Your identification has been saved in /etc/ssh/ssh_host_dsa_key.
[   15.128175] cloud-init[954]: Your public key has been saved in /etc/ssh/ssh_host_dsa_key.pub.
[   15.128453] cloud-init[954]: The key fingerprint is:
[   15.128606] cloud-init[954]: SHA256:9f9BhjyPMRyR27usLXDp7HJwruthL9M4pO+aqijJW7I root@ubuntu-xenial
[   15.128763] cloud-init[954]: The key's randomart image is:
[   15.128913] cloud-init[954]: +---[DSA 1024]----+
[   15.129192] cloud-init[954]: |             ..  |
[   15.129492] cloud-init[954]: |             ..  |
[   15.129751] cloud-init[954]: |          .  .o  |
[   15.129900] cloud-init[954]: |         . .o.o. |
[   15.130051] cloud-init[954]: |        S   .B.o.|
[   15.130317] cloud-init[954]: |           + =O. |
[   15.130583] cloud-init[954]: |....      oo@.oo.|
[   15.130850] cloud-init[954]: | ++ .    .o*oB.+.|
[   15.131004] cloud-init[954]: | Eo. ....o=*X+o..|
[   15.131166] cloud-init[954]: +----[SHA256]-----+
[   15.131457] cloud-init[954]: Generating public/private ecdsa key pair.
[   15.131719] cloud-init[954]: Your identification has been saved in /etc/ssh/ssh_host_ecdsa_key.
[   15.131959] cloud-init[954]: Your public key has been saved in /etc/ssh/ssh_host_ecdsa_key.pub.
[[0;32m  OK  [0m] Started Initial cloud-init job (metadata service crawler).
[[0;32m  OK  [0m] Reached target Cloud-config availability.
[[0;32m  OK  [0m] Reached target System Initialization.
[[0;32m  OK  [0m] Listening on ACPID Listen Socket.
[[0;32m  OK  [0m] Started Daily Cleanup of Temporary Directories.
[[0;32m  OK  [0m] Listening on UUID daemon activation socket.
[[0;32m  OK  [0m] Started Message of the Day.
[[0;32m  OK  [0m] Listening on D-Bus System Message Bus Socket.
[   15.132444] cloud-init[954]: The key fingerprint is:
[   15.154305] cloud-init[954]: SHA256:60LYsaWeYfTkNHdEKYqmPz08AVU36+tbOXn6i2h8FME root@ubuntu-xenial
[   15.155675] cloud-init[954]: The key's randomart image is:
[   15.164477] cloud-init[954]: +---[ECDSA 256]---+
[[0;32m  OK  [0m] Started ACPI Events Check.
[[0;32m  OK  [0m] Reached target Paths.
[[0;32m  OK  [0m] Started Daily apt download activities.
[[0;32m  OK  [0m] Started Daily apt upgrade and clean activities.
[   15.167543] cloud-init[954]: |         ...=.   |
[   15.176928] cloud-init[954]: |        . ..oE   |
[   15.177286] cloud-init[954]: |       o . o. .  |
[   15.177325] cloud-init[954]: |      * * ....   |
[   15.177664] cloud-init[954]: |     * @So .. .  |
[   15.177784] cloud-init[954]: |    o B +.   o o |
[   15.177996] cloud-init[954]: |     = =... o = .|
[   15.178142] cloud-init[954]: |      *.=  +.o.+ |
[   15.179736] cloud-init[954]: |       o.o..+o.oo|
[   15.182957] cloud-init[954]: +----[SHA256]-----+
[   15.186553] cloud-init[954]: Generating public/private ed25519 key pair.
[   15.186903] cloud-init[954]: Your identification has been saved in /etc/ssh/ssh_host_ed25519_key.
[   15.187230] cloud-init[954]: Your public key has been saved in /etc/ssh/ssh_host_ed25519_key.pub.
[   15.189744] cloud-init[954]: The key fingerprint is:
[   15.190363] cloud-init[954]: SHA256:AE1tHfXicY99wUADKQx6YkVIS5s0WX08+0mD2gA1sBI root@ubuntu-xenial
[   15.191038] cloud-init[954]: The key's randomart image is:
[   15.191416] cloud-init[954]: +--[ED25519 256]--+
[   15.191678] cloud-init[954]: |    oE*B*+o+=+   |
[   15.193099] cloud-init[954]: |    o+X.++o= .+  |
[   15.194313] cloud-init[954]: |     O.+. o * oo |
[   15.194898] cloud-init[954]: |    . +. . + * +.|
[   15.195576] cloud-init[954]: |        S + + + +|
[   15.195880] cloud-init[954]: |         . . o  .|
[   15.196833] cloud-init[954]: |                 |
[   15.197360] cloud-init[954]: |                 |
[   15.197891] cloud-init[954]: |                 |
[   15.198406] cloud-init[954]: +----[SHA256]-----+
         Starting LXD - unix socket.
         Starting Socket activation for snappy daemon.
[[0;32m  OK  [0m] Started Ubuntu Advantage update messaging.
[[0;32m  OK  [0m] Reached target Timers.
[[0;32m  OK  [0m] Reached target Network is Online.
         Starting iSCSI initiator daemon (iscsid)...
[[0;32m  OK  [0m] Listening on LXD - unix socket.
[[0;32m  OK  [0m] Listening on Socket activation for snappy daemon.
[[0;32m  OK  [0m] Reached target Sockets.
[[0;32m  OK  [0m] Reached target Basic System.
[[0;32m  OK  [0m] Started Deferred execution scheduler.
         Starting LSB: MD monitoring daemon...
[[0;32m  OK  [0m] Started Regular background program processing daemon.
         Starting LXD - container startup/shutdown...
         Starting Pollinate to seed the pseudo random number generator...
         Starting Accounts Service...
         Starting LSB: Record successful boot for GRUB...
[[0;32m  OK  [0m] Started FUSE filesystem for LXC.
         Starting Virtualbox guest utils...
         Starting Snap Daemon...
         Starting Login Service...
[[0;32m  OK  [0m] Started D-Bus System Message Bus.
         Starting /etc/rc.local Compatibility...
         Starting System Logging Service...
[[0;32m  OK  [0m] Started ACPI event daemon.
[[0;32m  OK  [0m] Started /etc/rc.local Compatibility.
[[0;32m  OK  [0m] Started iSCSI initiator daemon (iscsid).
[[0;32m  OK  [0m] Started System Logging Service.
[[0;32m  OK  [0m] Started Login Service.
[[0;32m  OK  [0m] Started Unattended Upgrades Shutdown.
         Starting Authenticate and Authorize Users to Run Privileged Tasks...
         Starting Login to default iSCSI targets...
[[0;32m  OK  [0m] Started LSB: MD monitoring daemon.
[[0;32m  OK  [0m] Started LSB: Record successful boot for GRUB.
[[0;32m  OK  [0m] Started LXD - container startup/shutdown.
[[0;32m  OK  [0m] Started Login to default iSCSI targets.
[[0;32m  OK  [0m] Started Authenticate and Authorize Users to Run Privileged Tasks.
[[0;32m  OK  [0m] Started Accounts Service.
[[0;32m  OK  [0m] Reached target Remote File Systems (Pre).
[[0;32m  OK  [0m] Reached target Remote File Systems.
         Starting LSB: Set the CPU Frequency Scaling governor to "ondemand"...
         Starting LSB: automatic crash report generation...
         Starting LSB: daemon to balance interrupts for SMP systems...
         Starting Permit User Sessions...
[[0;32m  OK  [0m] Started Permit User Sessions.
         Starting Terminate Plymouth Boot Screen...
         Starting Hold until boot process finishes up...
[[0;32m  OK  [0m] Started Virtualbox guest utils.
[[0;32m  OK  [0m] Started Terminate Plymouth Boot Screen.
[[0;32m  OK  [0m] Started Hold until boot process finishes up.
[[0;32m  OK  [0m] Started LSB: automatic crash report generation.
[[0;32m  OK  [0m] Started Getty on tty1.
         Starting Set console scheme...
[[0;32m  OK  [0m] Started Serial Getty on ttyS0.
[[0;32m  OK  [0m] Reached target Login Prompts.
[[0;32m  OK  [0m] Started LSB: Set the CPU Frequency Scaling governor to "ondemand".
[[0;32m  OK  [0m] Started Set console scheme.
[[0;32m  OK  [0m] Started LSB: daemon to balance interrupts for SMP systems.
[[0;32m  OK  [0m] Started Snap Daemon.
         Starting Wait until snapd is fully seeded...
[[0;32m  OK  [0m] Started Pollinate to seed the pseudo random number generator.
         Starting OpenBSD Secure Shell server...
[[0;32m  OK  [0m] Started OpenBSD Secure Shell server.
[[0;32m  OK  [0m] Started Wait until snapd is fully seeded.
         Starting Apply the settings specified in cloud-config...
[[0;32m  OK  [0m] Reached target Multi-User System.
[[0;32m  OK  [0m] Reached target Graphical Interface.
         Starting Update UTMP about System Runlevel Changes...
[[0;32m  OK  [0m] Started Update UTMP about System Runlevel Changes.
[   17.343917] cloud-init[1301]: Generating locales (this might take a while)...
[   18.056805] cloud-init[1301]:   en_US.UTF-8... done
[   18.064600] cloud-init[1301]: Generation complete.
[   18.419575] cloud-init[1301]: Cloud-init v. 21.1-19-gbad84ad4-0ubuntu1~16.04.2 running 'modules:config' at Fri, 18 Mar 2022 13:18:19 +0000. Up 17.21 seconds.
[[0;32m  OK  [0m] Started Apply the settings specified in cloud-config.
         Starting Execute cloud user/final scripts...
ci-info: no authorized SSH keys fingerprints found for user ubuntu.
<14>Mar 18 13:18:21 ec2: 
<14>Mar 18 13:18:21 ec2: #############################################################
<14>Mar 18 13:18:21 ec2: -----BEGIN SSH HOST KEY FINGERPRINTS-----
<14>Mar 18 13:18:21 ec2: 1024 SHA256:9f9BhjyPMRyR27usLXDp7HJwruthL9M4pO+aqijJW7I root@ubuntu-xenial (DSA)
<14>Mar 18 13:18:21 ec2: 256 SHA256:60LYsaWeYfTkNHdEKYqmPz08AVU36+tbOXn6i2h8FME root@ubuntu-xenial (ECDSA)
<14>Mar 18 13:18:21 ec2: 256 SHA256:AE1tHfXicY99wUADKQx6YkVIS5s0WX08+0mD2gA1sBI root@ubuntu-xenial (ED25519)
<14>Mar 18 13:18:21 ec2: 2048 SHA256:SMdScflbyGWJPtfBkjPOjCMxIMJY5I7QHVCMuz+xXa0 root@ubuntu-xenial (RSA)
<14>Mar 18 13:18:21 ec2: -----END SSH HOST KEY FINGERPRINTS-----
<14>Mar 18 13:18:21 ec2: #############################################################
-----BEGIN SSH HOST KEY KEYS-----
ecdsa-sha2-nistp256 AAAAE2VjZHNhLXNoYTItbmlzdHAyNTYAAAAIbmlzdHAyNTYAAABBBN7Ec47XCcbx6Sf+Lbjt3KE2ffG8pXemagcBzdSwKm+Q76A+tJnMbqvgf+7SaUITmPWbPDlxvbLEW3H9AEzs8wg= root@ubuntu-xenial
ssh-ed25519 AAAAC3NzaC1lZDI1NTE5AAAAID12cfNwmOdV4ZV6YOIpyMjsTFCr21crcT1hNWGy9Hvk root@ubuntu-xenial
ssh-rsa AAAAB3NzaC1yc2EAAAADAQABAAABAQC3EdhvT1tjfGswJPCjf658Q8CTeoqpELyCebxKffi1a0uePsKZ9TM0dZtFpHlWLtgAY0aL7QrtPQ8e51R4yTwJigXhYY+ssvgK0p5k4aKDRm2jb5QwmCUbPOavN4+EUqBMNkKAI3pq8Y+JC7I1paNq95c/mNBlmYfFosS5hn8fjg1Pmk4AoAUpsIU46Cro0FWMsstH/Yrn5qQelnPT/n7m+xQC0Tq/2cWYC5ObIJgOEIUo+pNkcuKfrGnYGKfK4ipYA5AmF+fgGUOSdvomnP1r1uu8Lsi6I1xXZRj45lyo5Cs40dE4oWy+39URBtvLbHUTwK9NpcFmmkYbwPtK8Qsl root@ubuntu-xenial
-----END SSH HOST KEY KEYS-----
[   18.969074] cloud-init[1343]: Cloud-init v. 21.1-19-gbad84ad4-0ubuntu1~16.04.2 running 'modules:final' at Fri, 18 Mar 2022 13:18:21 +0000. Up 18.79 seconds.
[   18.977053] cloud-init[1343]: ci-info: no authorized SSH keys fingerprints found for user ubuntu.
[   18.978304] cloud-init[1343]: Cloud-init v. 21.1-19-gbad84ad4-0ubuntu1~16.04.2 finished at Fri, 18 Mar 2022 13:18:21 +0000. Datasource DataSourceNoCloud [seed=/dev/sdb][dsmode=net].  Up 18.96 seconds
[[0;32m  OK  [0m] Started Execute cloud user/final scripts.
[[0;32m  OK  [0m] Reached target Cloud-init target.

Ubuntu 16.04.7 LTS ubuntu-xenial ttyS0

ubuntu-xenial login: 